[30-Oct-2025 19:43:25 Africa/Accra] Database connection failed: SQLSTATE[HY000] [1049] Unknown database 'alumaster'
[30-Oct-2025 19:46:33 Africa/Accra] Query failed: SQLSTATE[42S02]: Base table or view not found: 1146 Table 'alumaster.projects' doesn't exist SQL: 
        SELECT * FROM projects 
        WHERE status = 'published' AND is_featured = 1 
        ORDER BY sort_order ASC 
        LIMIT 3
    
[30-Oct-2025 19:46:33 Africa/Accra] Error fetching projects: SQLSTATE[42S02]: Base table or view not found: 1146 Table 'alumaster.projects' doesn't exist
[30-Oct-2025 19:46:33 Africa/Accra] Query failed: SQLSTATE[42S02]: Base table or view not found: 1146 Table 'alumaster.navigation_menu' doesn't exist SQL: 
        SELECT * FROM navigation_menu 
        WHERE is_active = 1 AND (menu_location = 'header' OR menu_location = 'both')
        ORDER BY sort_order ASC
    
[30-Oct-2025 19:46:33 Africa/Accra] Error fetching navigation: SQLSTATE[42S02]: Base table or view not found: 1146 Table 'alumaster.navigation_menu' doesn't exist
[30-Oct-2025 19:46:33 Africa/Accra] Query failed: SQLSTATE[42S02]: Base table or view not found: 1146 Table 'alumaster.navigation_menu' doesn't exist SQL: 
                                    SELECT * FROM navigation_menu 
                                    WHERE is_active = 1 AND (menu_location = 'footer' OR menu_location = 'both')
                                    ORDER BY sort_order ASC
                                
[30-Oct-2025 19:46:33 Africa/Accra] Error fetching footer links: SQLSTATE[42S02]: Base table or view not found: 1146 Table 'alumaster.navigation_menu' doesn't exist
[30-Oct-2025 19:47:34 Africa/Accra] Query failed: SQLSTATE[42S02]: Base table or view not found: 1146 Table 'alumaster.projects' doesn't exist SQL: 
        SELECT * FROM projects 
        WHERE status = 'published' AND is_featured = 1 
        ORDER BY sort_order ASC 
        LIMIT 3
    
[30-Oct-2025 19:47:34 Africa/Accra] Error fetching projects: SQLSTATE[42S02]: Base table or view not found: 1146 Table 'alumaster.projects' doesn't exist
[30-Oct-2025 19:47:34 Africa/Accra] Query failed: SQLSTATE[42S02]: Base table or view not found: 1146 Table 'alumaster.navigation_menu' doesn't exist SQL: 
        SELECT * FROM navigation_menu 
        WHERE is_active = 1 AND (menu_location = 'header' OR menu_location = 'both')
        ORDER BY sort_order ASC
    
[30-Oct-2025 19:47:34 Africa/Accra] Error fetching navigation: SQLSTATE[42S02]: Base table or view not found: 1146 Table 'alumaster.navigation_menu' doesn't exist
[30-Oct-2025 19:47:34 Africa/Accra] Query failed: SQLSTATE[42S02]: Base table or view not found: 1146 Table 'alumaster.navigation_menu' doesn't exist SQL: 
                                    SELECT * FROM navigation_menu 
                                    WHERE is_active = 1 AND (menu_location = 'footer' OR menu_location = 'both')
                                    ORDER BY sort_order ASC
                                
[30-Oct-2025 19:47:34 Africa/Accra] Error fetching footer links: SQLSTATE[42S02]: Base table or view not found: 1146 Table 'alumaster.navigation_menu' doesn't exist
[30-Oct-2025 19:51:36 Africa/Accra] Query failed: SQLSTATE[42S02]: Base table or view not found: 1146 Table 'alumaster.projects' doesn't exist SQL: 
        SELECT * FROM projects 
        WHERE status = 'published' AND is_featured = 1 
        ORDER BY sort_order ASC 
        LIMIT 3
    
[30-Oct-2025 19:51:36 Africa/Accra] Error fetching projects: SQLSTATE[42S02]: Base table or view not found: 1146 Table 'alumaster.projects' doesn't exist
[30-Oct-2025 19:51:36 Africa/Accra] Query failed: SQLSTATE[42S02]: Base table or view not found: 1146 Table 'alumaster.navigation_menu' doesn't exist SQL: 
        SELECT * FROM navigation_menu 
        WHERE is_active = 1 AND (menu_location = 'header' OR menu_location = 'both')
        ORDER BY sort_order ASC
    
[30-Oct-2025 19:51:36 Africa/Accra] Error fetching navigation: SQLSTATE[42S02]: Base table or view not found: 1146 Table 'alumaster.navigation_menu' doesn't exist
[30-Oct-2025 19:51:36 Africa/Accra] Query failed: SQLSTATE[42S02]: Base table or view not found: 1146 Table 'alumaster.navigation_menu' doesn't exist SQL: 
                                    SELECT * FROM navigation_menu 
                                    WHERE is_active = 1 AND (menu_location = 'footer' OR menu_location = 'both')
                                    ORDER BY sort_order ASC
                                
[30-Oct-2025 19:51:36 Africa/Accra] Error fetching footer links: SQLSTATE[42S02]: Base table or view not found: 1146 Table 'alumaster.navigation_menu' doesn't exist
[30-Oct-2025 20:25:09 Africa/Accra] Query failed: SQLSTATE[42S02]: Base table or view not found: 1146 Table 'alumaster.projects' doesn't exist SQL: 
        SELECT * FROM projects 
        WHERE status = 'published' AND is_featured = 1 
        ORDER BY sort_order ASC 
        LIMIT 3
    
[30-Oct-2025 20:25:09 Africa/Accra] Error fetching projects: SQLSTATE[42S02]: Base table or view not found: 1146 Table 'alumaster.projects' doesn't exist
[30-Oct-2025 20:25:09 Africa/Accra] Query failed: SQLSTATE[42S02]: Base table or view not found: 1146 Table 'alumaster.navigation_menu' doesn't exist SQL: 
        SELECT * FROM navigation_menu 
        WHERE is_active = 1 AND (menu_location = 'header' OR menu_location = 'both')
        ORDER BY sort_order ASC
    
[30-Oct-2025 20:25:09 Africa/Accra] Error fetching navigation: SQLSTATE[42S02]: Base table or view not found: 1146 Table 'alumaster.navigation_menu' doesn't exist
[30-Oct-2025 20:25:09 Africa/Accra] Query failed: SQLSTATE[42S02]: Base table or view not found: 1146 Table 'alumaster.navigation_menu' doesn't exist SQL: 
                                    SELECT * FROM navigation_menu 
                                    WHERE is_active = 1 AND (menu_location = 'footer' OR menu_location = 'both')
                                    ORDER BY sort_order ASC
                                
[30-Oct-2025 20:25:09 Africa/Accra] Error fetching footer links: SQLSTATE[42S02]: Base table or view not found: 1146 Table 'alumaster.navigation_menu' doesn't exist
[30-Oct-2025 20:31:36 Africa/Accra] Query failed: SQLSTATE[42S02]: Base table or view not found: 1146 Table 'alumaster.projects' doesn't exist SQL: 
        SELECT * FROM projects 
        WHERE status = 'published' AND is_featured = 1 
        ORDER BY sort_order ASC 
        LIMIT 3
    
[30-Oct-2025 20:31:36 Africa/Accra] Error fetching projects: SQLSTATE[42S02]: Base table or view not found: 1146 Table 'alumaster.projects' doesn't exist
[30-Oct-2025 20:31:36 Africa/Accra] Query failed: SQLSTATE[42S02]: Base table or view not found: 1146 Table 'alumaster.navigation_menu' doesn't exist SQL: 
        SELECT * FROM navigation_menu 
        WHERE is_active = 1 AND (menu_location = 'header' OR menu_location = 'both')
        ORDER BY sort_order ASC
    
[30-Oct-2025 20:31:36 Africa/Accra] Error fetching navigation: SQLSTATE[42S02]: Base table or view not found: 1146 Table 'alumaster.navigation_menu' doesn't exist
[30-Oct-2025 20:31:36 Africa/Accra] Query failed: SQLSTATE[42S02]: Base table or view not found: 1146 Table 'alumaster.navigation_menu' doesn't exist SQL: 
                                    SELECT * FROM navigation_menu 
                                    WHERE is_active = 1 AND (menu_location = 'footer' OR menu_location = 'both')
                                    ORDER BY sort_order ASC
                                
[30-Oct-2025 20:31:36 Africa/Accra] Error fetching footer links: SQLSTATE[42S02]: Base table or view not found: 1146 Table 'alumaster.navigation_menu' doesn't exist
[30-Oct-2025 20:49:17 Africa/Accra] Query failed: SQLSTATE[42S02]: Base table or view not found: 1146 Table 'alumaster.projects' doesn't exist SQL: 
        SELECT * FROM projects 
        WHERE status = 'published' AND is_featured = 1 
        ORDER BY sort_order ASC 
        LIMIT 3
    
[30-Oct-2025 20:49:17 Africa/Accra] Error fetching projects: SQLSTATE[42S02]: Base table or view not found: 1146 Table 'alumaster.projects' doesn't exist
[30-Oct-2025 21:25:31 Africa/Accra] PHP Fatal error:  Cannot redeclare get_setting() (previously declared in C:\Users\Dev\Desktop\DEV\Alumaster Project(Kiro)\includes\config.php:132) in C:\Users\Dev\Desktop\DEV\Alumaster Project(Kiro)\includes\functions.php on line 161
